# 
# Steps log generated by v++
# This log file contains a collection of steps that describe the kernel compilation flow
# Note: Some steps are tagged as internal, these steps are for debugging purposes and 
#       are not expected to be able to run independently.
# 

# The following environment variables are set when running v++
Environment variables :
------------------------------------------
ALLUSERSPROFILE=C:\ProgramData
APPDATA=C:\Users\student\AppData\Roaming
arr.length=0
arr.Ubound=-1
CDS_LIC_FILE=5280@192.168.2.31
CDS_LIC_ONLY=1
CHARPOP=1
CMAKE_OBJECT_PATH_MAX=4096
CommonProgramFiles=C:\Program Files\Common Files
CommonProgramFiles(x86)=C:\Program Files (x86)\Common Files
CommonProgramW6432=C:\Program Files\Common Files
COMPUTERNAME=VLSI-25
ComSpec=C:\Windows\system32\cmd.exe
DriverData=C:\Windows\System32\Drivers\DriverData
FPS_BROWSER_APP_PROFILE_STRING=Internet Explorer
FPS_BROWSER_USER_PROFILE_STRING=Default
HDI_APPROOT=C:/Xilinx/Vitis/2024.1
HDI_PROCESSOR=i686
HOME=C:\SPB_Data
HOMEDRIVE=C:
HOMEPATH=\Users\student
HW_SERVER_DJTG_DISABLE=1
HW_SERVER_FTDIMGR_DISABLE=1
IDE_SKIP_SERVER_LICENSE=1
INT_VARIABLE_NAME=XILINX_PATH
ISL_IOSTREAMS_RSA=C:/Xilinx/Vitis/2024.1/tps/isl
JAVA_EXE=C:/Xilinx\Vitis\2024.1\tps\win64\jre11.0.16_1\bin\java.exe
JAVA_HOME=C:/Xilinx\Vitis\2024.1\tps\win64\jre11.0.16_1
LC_NUMERIC=C
LM_LICENSE_FILE=2100@192.168.2.34
LOCALAPPDATA=C:\Users\student\AppData\Local
LOGONSERVER=\\VLSI-25
LOPPER_DTC_FLAGS=-b 0 -@
NOSPLASH=false
NUMBER_OF_PROCESSORS=4
OneDrive=C:\Users\student\OneDrive
ORIGINAL_XDG_CURRENT_DESKTOP=undefined
OS=Windows_NT
PATH=C:/Xilinx/Vivado/2024.1/tps/win64/binutils-2.26/bin;C:/Xilinx/Vitis/2024.1/bin/../gnu/aarch64/nt/aarch64-linux/bin;C:/Xilinx/Vitis/2024.1/bin/../gnu/ppc64le/4.9.3/win64/bin;C:/Xilinx/Vitis/2024.1/bin/../gnu/aarch32/nt/gcc-arm-linux-gnueabi/bin;C:/Xilinx\Vitis_HLS\2024.1/tps/mingw/6.2.0/win64.o/nt/bin;C:/Xilinx/Vivado/2024.1\gnuwin\bin;C:/Xilinx/Vivado/2024.1\gnu\microblaze\nt\bin;C:/Xilinx/Vitis/2024.1/bin;C:/Xilinx/Vitis/2024.1/tps/win64/java-cef-95.0.4638.69/bin/lib/win64;C:/Xilinx/Vitis/2024.1/tps/win64/javafx-sdk-11.0.2/lib;C:/Xilinx/Vitis/2024.1/tps/win64/javafx-sdk-11.0.2/bin;C:/Xilinx/Vitis/2024.1/lib/win64.o;C:/Xilinx/Vitis/2024.1/tps/win64/jre11.0.16_1/bin/server;C:/Xilinx/Vitis/2024.1/tps/win64/jre11.0.16_1/bin;C:\Xilinx\Vitis\2024.1\tps\win64\LOPPER~1.0-P\min_sdk\\usr\bin;C:/Xilinx\Vitis\2024.1\tps\win64\cmake-3.24.2\bin;C:/Xilinx\Vitis\2024.1\gnu\microblaze\nt\bin;C:/Xilinx\Vitis\2024.1\gnu\microblaze\linux_toolchain\nt64_le\bin;C:/Xilinx\Vitis\2024.1\gnu\aarch32\nt\gcc-arm-linux-gnueabi\bin;C:/Xilinx\Vitis\2024.1\gnu\aarch32\nt\gcc-arm-none-eabi\bin;C:/Xilinx\Vitis\2024.1\gnu\aarch64\nt\aarch64-linux\bin;C:/Xilinx\Vitis\2024.1\gnu\aarch64\nt\aarch64-none\bin;C:/Xilinx\Vitis\2024.1\gnu\armr5\nt\gcc-arm-none-eabi\bin;C:/Xilinx\Vitis\2024.1\gnuwin\bin;C:/Xilinx\Vitis\2024.1\tps\win64\python-3.8.3;C:/Xilinx\Vitis\2024.1\tps\win64\libxslt\bin;C:/Xilinx/Vivado/2024.1\bin;C:/Xilinx/Vitis/2024.1\gnu\arm\nt\bin;C:/Xilinx/Vitis/2024.1\gnu\microblaze\linux_toolchain\nt64_be\bin;C:/Xilinx/Vitis/2024.1\gnu\riscv\nt\riscv64-unknown-elf\bin;C:/Xilinx/Vitis/2024.1\tps\win64\git-2.16.2\bin;C:/Xilinx/Vitis/2024.1\win64\tools\clang\bin;C:/Xilinx\Vitis_HLS\2024.1\lib\win64.o;C:/Xilinx\Vitis_HLS\2024.1\bin;C:/Xilinx/Vivado/2024.1  /bin;/bin;C:\ProgramData\Oracle\Java\javapath;C:\Windows\system32;C:\Windows;C:\Windows\System32\Wbem;C:\Windows\System32\WindowsPowerShell\v1.0\;C:\Windows\System32\OpenSSH\;C:\Program Files\MATLAB\R2014b\bin;C:\Program Files (x86)\HI-TECH Software\PICC-Lite\9.50\bin;C:\Users\student\AppData\Local\Microsoft\WindowsApps;;C:/Xilinx/Vitis/2024.1\tps\mingw\6.2.0\win64.o\nt\bin;C:/Xilinx/Vitis/2024.1\tps\mingw\6.2.0\win64.o\nt\libexec\gcc\x86_64-w64-mingw32\6.2.0
PATHEXT=.COM;.EXE;.BAT;.CMD;.VBS;.VBE;.JS;.JSE;.WSF;.WSH;.MSC
PROCESSOR_ARCHITECTURE=AMD64
PROCESSOR_IDENTIFIER=Intel64 Family 6 Model 60 Stepping 3, GenuineIntel
PROCESSOR_LEVEL=6
PROCESSOR_REVISION=3c03
PRODVERSION_EXE=C:/Xilinx/Vitis/2024.1/bin/unwrapped/win64.o/prodversion.exe
ProgramData=C:\ProgramData
ProgramFiles=C:\Program Files
ProgramFiles(x86)=C:\Program Files (x86)
ProgramW6432=C:\Program Files
PROMPT=$P$G
PSModulePath=C:\Program Files\WindowsPowerShell\Modules;C:\Windows\system32\WindowsPowerShell\v1.0\Modules
PUBLIC=C:\Users\Public
PYTHONPATH=;C:/Xilinx/Vitis/2024.1\cli;C:/Xilinx/Vitis/2024.1\cli\python-packages\win64;C:/Xilinx/Vitis/2024.1\cli\python-packages\site-packages;C:/Xilinx/Vitis/2024.1\cli\proto;C:/Xilinx/Vitis/2024.1\scripts\python_pkg;
python_path=;C:/Xilinx/Vitis/2024.1\cli;C:/Xilinx/Vitis/2024.1\cli\python-packages\win64;C:/Xilinx/Vitis/2024.1\cli\python-packages\site-packages;C:/Xilinx/Vitis/2024.1\cli\proto;C:/Xilinx/Vitis/2024.1\scripts\python_pkg;
RDI_APPROOT=C:/Xilinx/Vitis/2024.1
RDI_ARGS= -c --mode hls --config C:\Users\student\Desktop\HackArm\cnn_accl\hls_config.cfg --work_dir cnn_accl
RDI_ARGS_FUNCTION=RDI_EXEC_DEFAULT
RDI_BASEROOT=C:/Xilinx/Vitis
RDI_BINDIR=C:/Xilinx/Vitis/2024.1/bin
RDI_BINROOT=C:/Xilinx/Vitis/2024.1/bin
RDI_BUILD=yes
RDI_CHECK_PROG=True
RDI_DATADIR=C:/Xilinx/SharedData/2024.1/data;C:/Xilinx/Vitis/2024.1/data
RDI_INSTALLROOT=C:/Xilinx
RDI_INSTALLVER=2024.1
RDI_INSTALLVERSION=2024.1
RDI_JAVACEFROOT=C:/Xilinx/Vitis/2024.1/tps/win64/java-cef-95.0.4638.69
RDI_JAVAFXROOT=C:/Xilinx/Vitis/2024.1/tps/win64/javafx-sdk-11.0.2
RDI_JAVAROOT=C:/Xilinx/Vitis/2024.1/tps/win64/jre11.0.16_1
RDI_JAVA_VERSION=11.0.16_1
RDI_LIBDIR=C:/Xilinx/Vitis/2024.1/lib/win64.o
RDI_MINGW_LIB=C:/Xilinx/Vitis/2024.1\tps\mingw\6.2.0\win64.o\nt\bin;C:/Xilinx/Vitis/2024.1\tps\mingw\6.2.0\win64.o\nt\libexec\gcc\x86_64-w64-mingw32\6.2.0
RDI_OPT_EXT=.o
RDI_OS_ARCH=64
RDI_PLATFORM=win64
RDI_PREPEND_PATH=C:/Xilinx/Vitis/2024.1/bin
RDI_PROG=C:/Xilinx/Vitis/2024.1/bin/unwrapped/win64.o/v++.exe
RDI_PROGNAME=v++.exe
RDI_SESSION_INFO=C:\Xilinx\Vitis\2024.1\bin:VLSI-25-13-02-2026_16-38-09.65
RDI_SHARED_DATA=C:/Xilinx/SharedData/2024.1/data
RDI_TPS_ROOT=C:/Xilinx/Vivado/2024.1/tps/win64
RDI_USE_JDK11=1
RDI_VERBOSE=False
RT_LIBPATH=C:/Xilinx/Vitis/2024.1/scripts/rt/data
RT_TCL_PATH=C:/Xilinx/Vitis/2024.1/scripts/rt/base_tcl/tcl
SDKROOT=C:\Xilinx\Vitis\2024.1\tps\win64\LOPPER~1.0-P\min_sdk\
SESSIONNAME=Console
session_string=C:\Users\student\Desktop\HackArm\cnn_accl:VLSI-25-13-02-2026_17-19-43.00
SHARED_DATA_HOME="C:/Xilinx/SharedData/2024.1"
Sigrity_EDA_DIR=C:\Cadence\SPB_17.2
SWIG_LIB=C:\Xilinx\Vitis\2024.1\tps\win64\LOPPER~1.0-P\min_sdk\\usr\lib\swig\4.0.2
SYNTH_COMMON=C:/Xilinx/Vitis/2024.1/scripts/rt/data
SystemDrive=C:
SystemRoot=C:\Windows
TCL_LIBRARY=C:/Xilinx/Vitis/2024.1/tps/tcl/tcl8.6
TCMALLOC_LARGE_ALLOC_REPORT_THRESHOLD=4294967296
TEMP=C:\Users\student\AppData\Local\Temp
THEIA_APP_PROJECT_PATH=C:\Xilinx\Vitis\2024.1\ide\electron-app\win64\resources\app
THEIA_DEFAULT_PLUGINS=local-dir:C:\Xilinx\Vitis\2024.1\ide\electron-app\win64\resources\app\plugins
THEIA_ELECTRON_TOKEN={"value":"b5311757-24de-4550-b835-1ddd0ad907d1"}
THEIA_ELECTRON_VERSION=15.5.7
THEIA_PLUGINS=local-dir:C:\Users\student\.theia\plugins
TMP=C:\Users\student\AppData\Local\Temp
USERDOMAIN=VLSI-25
USERDOMAIN_ROAMINGPROFILE=VLSI-25
USERNAME=student
USERPROFILE=C:\Users\student
VITISNEW=true
VSCODE_API_VERSION=1.53.2
windir=C:\Windows
XILINXD_LICENSE_FILE=2100@192.168.2.34
XILINX_HLS=C:/Xilinx\Vitis_HLS\2024.1
XILINX_PLANAHEAD=C:/Xilinx/Vitis/2024.1
XILINX_SDK=C:/Xilinx/Vitis/2024.1
XILINX_VERSION_DEFAULT=2024.1
XILINX_VERSION_VITIS=2024.1
XILINX_VITIS=C:/Xilinx\Vitis\2024.1
XILINX_VITIS_VERSION=Vitis v2024.1 (64-bit)
XILINX_VIVADO=C:/Xilinx/Vivado/2024.1
XILINX_VIVADO_HLS=C:/Xilinx/Vivado/2024.1
XIL_CHECK_TCL_DEBUG=False
XIL_NO_OVERRIDE=0
XIL_SUPPRESS_OVERRIDE_WARNINGS=1
XVREDIST=C:/Xilinx/Vitis/2024.1\tps\win64\xvcredist.exe
_RDI_BINROOT=C:\Xilinx\Vitis\2024.1\bin
_RDI_CWD=C:\Users\student\Desktop\HackArm\cnn_accl
_RDI_DONT_SET_XILINX_AS_PATH=True
_RDI_VERSION_PROG=v++
_valid=False
XILINX_CD_CONNECT_ID=59281
XILINX_CD_SESSION=69af1f39-a97e-4ede-b7fe-ebb831d80b99


V++ command line:
------------------------------------------
C:/Xilinx/Vitis/2024.1/bin/unwrapped/win64.o/v++.exe -c --mode hls --config C:\Users\student\Desktop\HackArm\cnn_accl\hls_config.cfg --work_dir cnn_accl 

FINAL PROGRAM OPTIONS
--compile
--config C:\Users\student\Desktop\HackArm\cnn_accl\hls_config.cfg
--hls.clock 10ns
--hls.flow_target vivado
--hls.package.output.format ip_catalog
--hls.package.output.syn false
--hls.syn.file cnn.cpp
--hls.syn.file cnn.h
--hls.syn.top cnn_accelerator
--mode hls
--part xczu7ev-ffvc1156-2-e
--target hw
--work_dir cnn_accl

PARSED COMMAND LINE OPTIONS
-c 
--mode hls 
--config C:\Users\student\Desktop\HackArm\cnn_accl\hls_config.cfg 
--work_dir cnn_accl 

PARSED CONFIG FILE (1) OPTIONS
file: C:\Users\student\Desktop\HackArm\cnn_accl\hls_config.cfg
part xczu7ev-ffvc1156-2-e 
hls.flow_target vivado 
hls.package.output.format ip_catalog 
hls.package.output.syn false 
hls.clock 10ns 
hls.syn.file cnn.cpp 
hls.syn.file cnn.h 
hls.syn.top cnn_accelerator 


==========================================
new:  steps log generated by v++ for new launch 
timestamp: 13 Feb 2026 17:19:51
------------------------------------------
V++ internal step: writing a config file for vitis_hls: C:/Users/student/Desktop/HackArm/cnn_accl/cnn_accl/hls/config.cmdline
timestamp: 13 Feb 2026 17:19:51
V++ internal step status: success
------------------------------------------
V++ internal step: running vitis_hls
timestamp: 13 Feb 2026 17:19:51
working dir: C:/Users/student/Desktop/HackArm/cnn_accl
cmd: vitis_hls -nolog -run csynth -work_dir C:/Users/student/Desktop/HackArm/cnn_accl/cnn_accl -config C:/Users/student/Desktop/HackArm/cnn_accl/hls_config.cfg -cmdlineconfig C:/Users/student/Desktop/HackArm/cnn_accl/cnn_accl/hls/config.cmdline
V++ internal step status: success

------------------------------------------
VITIS-RUN command line :
------------------------------------------
C:/Xilinx/Vitis/2024.1/bin/unwrapped/win64.o/vitis-run.exe --mode hls --impl --config C:\Users\student\Desktop\HackArm\cnn_accl\hls_config.cfg --work_dir cnn_accl 
  Options from -O    : 
  Options from *.ini : 
  Options from Hw Platform : 

==========================================
new:  steps log generated by v++ for new launch 
timestamp: 13 Feb 2026 17:26:21
------------------------------------------
VITIS-RUN internal step: writing a config file for vitis_hls: C:/Users/student/Desktop/HackArm/cnn_accl/cnn_accl/hls/config.cmdline
timestamp: 13 Feb 2026 17:26:21
VITIS-RUN internal step status: success
------------------------------------------
VITIS-RUN internal step: running vitis_hls
timestamp: 13 Feb 2026 17:26:21
working dir: C:/Users/student/Desktop/HackArm/cnn_accl
cmd: vitis_hls -nolog -run vivado -work_dir C:/Users/student/Desktop/HackArm/cnn_accl/cnn_accl -config C:/Users/student/Desktop/HackArm/cnn_accl/hls_config.cfg -cmdlineconfig C:/Users/student/Desktop/HackArm/cnn_accl/cnn_accl/hls/config.cmdline
VITIS-RUN internal step status: success

------------------------------------------
V++ command line :
------------------------------------------
C:/Xilinx/Vitis/2024.1/bin/unwrapped/win64.o/v++.exe -c --mode hls --config C:\Users\student\Desktop\HackArm\cnn_accl\hls_config.cfg --work_dir cnn_accl 
  Options from -O    : 
  Options from *.ini : 
  Options from Hw Platform : 

==========================================
new:  steps log generated by v++ for new launch 
timestamp: 14 Feb 2026 12:49:17
------------------------------------------
V++ internal step: writing a config file for vitis_hls: C:/Users/student/Desktop/HackArm/cnn_accl/cnn_accl/hls/config.cmdline
timestamp: 14 Feb 2026 12:49:17
V++ internal step status: success
------------------------------------------
V++ internal step: running vitis_hls
timestamp: 14 Feb 2026 12:49:17
working dir: C:/Users/student/Desktop/HackArm/cnn_accl
cmd: vitis_hls -nolog -run csynth -work_dir C:/Users/student/Desktop/HackArm/cnn_accl/cnn_accl -config C:/Users/student/Desktop/HackArm/cnn_accl/hls_config.cfg -cmdlineconfig C:/Users/student/Desktop/HackArm/cnn_accl/cnn_accl/hls/config.cmdline
V++ internal step status: success

------------------------------------------
VITIS-RUN command line :
------------------------------------------
C:/Xilinx/Vitis/2024.1/bin/unwrapped/win64.o/vitis-run.exe --mode hls --package --config C:\Users\student\Desktop\HackArm\cnn_accl\hls_config.cfg --work_dir cnn_accl 
  Options from -O    : 
  Options from *.ini : 
  Options from Hw Platform : 

==========================================
new:  steps log generated by v++ for new launch 
timestamp: 14 Feb 2026 12:55:56
------------------------------------------
VITIS-RUN internal step: writing a config file for vitis_hls: C:/Users/student/Desktop/HackArm/cnn_accl/cnn_accl/hls/config.cmdline
timestamp: 14 Feb 2026 12:55:56
VITIS-RUN internal step status: success
------------------------------------------
VITIS-RUN internal step: running vitis_hls
timestamp: 14 Feb 2026 12:55:56
working dir: C:/Users/student/Desktop/HackArm/cnn_accl
cmd: vitis_hls -nolog -run package -work_dir C:/Users/student/Desktop/HackArm/cnn_accl/cnn_accl -config C:/Users/student/Desktop/HackArm/cnn_accl/hls_config.cfg -cmdlineconfig C:/Users/student/Desktop/HackArm/cnn_accl/cnn_accl/hls/config.cmdline
VITIS-RUN internal step status: success
