Copyright 1986-2022 Xilinx, Inc. All Rights Reserved. Copyright 2022-2024 Advanced Micro Devices, Inc. All Rights Reserved.
---------------------------------------------------------------------------------------------------------------------------------------------------
| Tool Version : Vivado v.2024.1 (win64) Build 5076996 Wed May 22 18:37:14 MDT 2024
| Date         : Sat Feb 14 13:32:14 2026
| Host         : VLSI-25 running 64-bit major release  (build 9200)
| Command      : report_utilization -file design_1_cnn_accelerator_0_0_utilization_synth.rpt -pb design_1_cnn_accelerator_0_0_utilization_synth.pb
| Design       : design_1_cnn_accelerator_0_0
| Device       : xczu7ev-ffvc1156-2-e
| Speed File   : -2
| Design State : Synthesized
---------------------------------------------------------------------------------------------------------------------------------------------------

Utilization Design Information

Table of Contents
-----------------
1. CLB Logic
1.1 Summary of Registers by Type
2. BLOCKRAM
3. ARITHMETIC
4. I/O
5. CLOCK
6. ADVANCED
7. CONFIGURATION
8. Primitives
9. Black Boxes
10. Instantiated Netlists

1. CLB Logic
------------

+----------------------------+-------+-------+------------+-----------+-------+
|          Site Type         |  Used | Fixed | Prohibited | Available | Util% |
+----------------------------+-------+-------+------------+-----------+-------+
| CLB LUTs*                  | 16260 |     0 |          0 |    230400 |  7.06 |
|   LUT as Logic             | 11316 |     0 |          0 |    230400 |  4.91 |
|   LUT as Memory            |  4944 |     0 |          0 |    101760 |  4.86 |
|     LUT as Distributed RAM |  4518 |     0 |            |           |       |
|     LUT as Shift Register  |   426 |     0 |            |           |       |
| CLB Registers              | 10533 |     0 |          0 |    460800 |  2.29 |
|   Register as Flip Flop    | 10533 |     0 |          0 |    460800 |  2.29 |
|   Register as Latch        |     0 |     0 |          0 |    460800 |  0.00 |
| CARRY8                     |   445 |     0 |          0 |     28800 |  1.55 |
| F7 Muxes                   |   101 |     0 |          0 |    115200 |  0.09 |
| F8 Muxes                   |     0 |     0 |          0 |     57600 |  0.00 |
| F9 Muxes                   |     0 |     0 |          0 |     28800 |  0.00 |
+----------------------------+-------+-------+------------+-----------+-------+
* Warning! The Final LUT count, after physical optimizations and full implementation, is typically lower. Run opt_design after synthesis, if not already completed, for a more realistic count.
Warning! LUT value is adjusted to account for LUT combining.
Warning! For any ECO changes, please run place_design if there are unplaced instances


1.1 Summary of Registers by Type
--------------------------------

+-------+--------------+-------------+--------------+
| Total | Clock Enable | Synchronous | Asynchronous |
+-------+--------------+-------------+--------------+
| 0     |            _ |           - |            - |
| 0     |            _ |           - |          Set |
| 0     |            _ |           - |        Reset |
| 0     |            _ |         Set |            - |
| 0     |            _ |       Reset |            - |
| 0     |          Yes |           - |            - |
| 0     |          Yes |           - |          Set |
| 0     |          Yes |           - |        Reset |
| 17    |          Yes |         Set |            - |
| 10516 |          Yes |       Reset |            - |
+-------+--------------+-------------+--------------+


2. BLOCKRAM
-----------

+----------------+------+-------+------------+-----------+-------+
|    Site Type   | Used | Fixed | Prohibited | Available | Util% |
+----------------+------+-------+------------+-----------+-------+
| Block RAM Tile |    0 |     0 |          0 |       312 |  0.00 |
|   RAMB36/FIFO* |    0 |     0 |          0 |       312 |  0.00 |
|   RAMB18       |    0 |     0 |          0 |       624 |  0.00 |
| URAM           |    0 |     0 |          0 |        96 |  0.00 |
+----------------+------+-------+------------+-----------+-------+
* Note: Each Block RAM Tile only has one FIFO logic available and therefore can accommodate only one FIFO36E2 or one FIFO18E2. However, if a FIFO18E2 occupies a Block RAM Tile, that tile can still accommodate a RAMB18E2


3. ARITHMETIC
-------------

+----------------+------+-------+------------+-----------+-------+
|    Site Type   | Used | Fixed | Prohibited | Available | Util% |
+----------------+------+-------+------------+-----------+-------+
| DSPs           |   80 |     0 |          0 |      1728 |  4.63 |
|   DSP48E2 only |   80 |       |            |           |       |
+----------------+------+-------+------------+-----------+-------+


4. I/O
------

+------------+------+-------+------------+-----------+-------+
|  Site Type | Used | Fixed | Prohibited | Available | Util% |
+------------+------+-------+------------+-----------+-------+
| Bonded IOB |    0 |     0 |          0 |       360 |  0.00 |
+------------+------+-------+------------+-----------+-------+


5. CLOCK
--------

+------------+------+-------+------------+-----------+-------+
|  Site Type | Used | Fixed | Prohibited | Available | Util% |
+------------+------+-------+------------+-----------+-------+
| BUFGCE     |    0 |     0 |          0 |       208 |  0.00 |
| BUFGCE_DIV |    0 |     0 |          0 |        32 |  0.00 |
| BUFG_GT    |    0 |     0 |          0 |       144 |  0.00 |
| BUFG_PS    |    0 |     0 |          0 |        96 |  0.00 |
| BUFGCTRL*  |    0 |     0 |          0 |        64 |  0.00 |
| PLL        |    0 |     0 |          0 |        16 |  0.00 |
| MMCM       |    0 |     0 |          0 |         8 |  0.00 |
+------------+------+-------+------------+-----------+-------+
* Note: Each used BUFGCTRL counts as two GLOBAL CLOCK BUFFERs. This table does not include global clocking resources, only buffer cell usage. See the Clock Utilization Report (report_clock_utilization) for detailed accounting of global clocking resource availability.


6. ADVANCED
-----------

+-----------------+------+-------+------------+-----------+-------+
|    Site Type    | Used | Fixed | Prohibited | Available | Util% |
+-----------------+------+-------+------------+-----------+-------+
| GTHE4_CHANNEL   |    0 |     0 |          0 |        20 |  0.00 |
| GTHE4_COMMON    |    0 |     0 |          0 |         5 |  0.00 |
| OBUFDS_GTE4     |    0 |     0 |          0 |        10 |  0.00 |
| OBUFDS_GTE4_ADV |    0 |     0 |          0 |        10 |  0.00 |
| PCIE40E4        |    0 |     0 |          0 |         2 |  0.00 |
| PS8             |    0 |     0 |          0 |         1 |  0.00 |
| SYSMONE4        |    0 |     0 |          0 |         1 |  0.00 |
| VCU             |    0 |     0 |          0 |         1 |  0.00 |
+-----------------+------+-------+------------+-----------+-------+


7. CONFIGURATION
----------------

+-------------+------+-------+------------+-----------+-------+
|  Site Type  | Used | Fixed | Prohibited | Available | Util% |
+-------------+------+-------+------------+-----------+-------+
| BSCANE2     |    0 |     0 |          0 |         4 |  0.00 |
| DNA_PORTE2  |    0 |     0 |          0 |         1 |  0.00 |
| EFUSE_USR   |    0 |     0 |          0 |         1 |  0.00 |
| FRAME_ECCE4 |    0 |     0 |          0 |         1 |  0.00 |
| ICAPE3      |    0 |     0 |          0 |         2 |  0.00 |
| MASTER_JTAG |    0 |     0 |          0 |         1 |  0.00 |
| STARTUPE3   |    0 |     0 |          0 |         1 |  0.00 |
+-------------+------+-------+------------+-----------+-------+


8. Primitives
-------------

+----------+-------+---------------------+
| Ref Name |  Used | Functional Category |
+----------+-------+---------------------+
| FDRE     | 10516 |            Register |
| RAMD64E  |  4194 |                 CLB |
| LUT3     |  4070 |                 CLB |
| LUT5     |  2836 |                 CLB |
| LUT2     |  2783 |                 CLB |
| LUT6     |  2486 |                 CLB |
| LUT4     |  1423 |                 CLB |
| CARRY8   |   445 |                 CLB |
| RAMD32   |   324 |                 CLB |
| SRL16E   |   293 |                 CLB |
| LUT1     |   162 |                 CLB |
| SRLC32E  |   133 |                 CLB |
| MUXF7    |   101 |                 CLB |
| DSP48E2  |    80 |          Arithmetic |
| FDSE     |    17 |            Register |
+----------+-------+---------------------+


9. Black Boxes
--------------

+----------+------+
| Ref Name | Used |
+----------+------+


10. Instantiated Netlists
-------------------------

+----------+------+
| Ref Name | Used |
+----------+------+


